Start testing: Feb 14 14:57 CET
----------------------------------------------------------
1/5 Testing: TutorialRuns
1/5 Test: TutorialRuns
Command: "/Users/andreabortolossi/Desktop/CODICI/CMAKE/Tutorial" "25"
Directory: /Users/andreabortolossi/Desktop/CODICI/CMAKE
"TutorialRuns" start time: Feb 14 14:57 CET
Output:
----------------------------------------------------------
NON stai usando la libreria
The square root of 25 is 5
<end of output>
Test time =   0.00 sec
----------------------------------------------------------
Test Passed.
"TutorialRuns" end time: Feb 14 14:57 CET
"TutorialRuns" time elapsed: 00:00:00
----------------------------------------------------------

2/5 Testing: TutorialComp25
2/5 Test: TutorialComp25
Command: "/Users/andreabortolossi/Desktop/CODICI/CMAKE/Tutorial" "25"
Directory: /Users/andreabortolossi/Desktop/CODICI/CMAKE
"TutorialComp25" start time: Feb 14 14:57 CET
Output:
----------------------------------------------------------
NON stai usando la libreria
The square root of 25 is 5
<end of output>
Test time =   0.00 sec
----------------------------------------------------------
Test Pass Reason:
Required regular expression found.Regex=[25 is 5
]
"TutorialComp25" end time: Feb 14 14:57 CET
"TutorialComp25" time elapsed: 00:00:00
----------------------------------------------------------

3/5 Testing: TutorialNegative
3/5 Test: TutorialNegative
Command: "/Users/andreabortolossi/Desktop/CODICI/CMAKE/Tutorial" "-25"
Directory: /Users/andreabortolossi/Desktop/CODICI/CMAKE
"TutorialNegative" start time: Feb 14 14:57 CET
Output:
----------------------------------------------------------
NON stai usando la libreria
The square root of -25 is nan
<end of output>
Test time =   0.00 sec
----------------------------------------------------------
Test Fail Reason:
Required regular expression not found.Regex=[-25 is 0
]
"TutorialNegative" end time: Feb 14 14:57 CET
"TutorialNegative" time elapsed: 00:00:00
----------------------------------------------------------

4/5 Testing: TutorialSmall
4/5 Test: TutorialSmall
Command: "/Users/andreabortolossi/Desktop/CODICI/CMAKE/Tutorial" "0.0001"
Directory: /Users/andreabortolossi/Desktop/CODICI/CMAKE
"TutorialSmall" start time: Feb 14 14:57 CET
Output:
----------------------------------------------------------
NON stai usando la libreria
The square root of 0.0001 is 0.01
<end of output>
Test time =   0.00 sec
----------------------------------------------------------
Test Pass Reason:
Required regular expression found.Regex=[0.0001 is 0.01
]
"TutorialSmall" end time: Feb 14 14:57 CET
"TutorialSmall" time elapsed: 00:00:00
----------------------------------------------------------

5/5 Testing: TutorialUsage
5/5 Test: TutorialUsage
Command: "/Users/andreabortolossi/Desktop/CODICI/CMAKE/Tutorial"
Directory: /Users/andreabortolossi/Desktop/CODICI/CMAKE
"TutorialUsage" start time: Feb 14 14:57 CET
Output:
----------------------------------------------------------
/Users/andreabortolossi/Desktop/CODICI/CMAKE/Tutorial Version 5.7
Usage: /Users/andreabortolossi/Desktop/CODICI/CMAKE/Tutorial number
<end of output>
Test time =   0.00 sec
----------------------------------------------------------
Test Pass Reason:
Required regular expression found.Regex=[Usage:.*number
]
"TutorialUsage" end time: Feb 14 14:57 CET
"TutorialUsage" time elapsed: 00:00:00
----------------------------------------------------------

End testing: Feb 14 14:57 CET
